# JRE version: OpenJDK Runtime Environment (8.0_462-b08) (build 1.8.0_462-8u462-ga~us1-0ubuntu2~24.04.2-b08)
# Java VM: OpenJDK 64-Bit Server VM (25.462-b08 mixed mode linux-aarch64 compressed oops)
Heap:
 par new generation   total 38080K, used 24723K [0x0000000084400000, 0x0000000086d50000, 0x00000000a3730000)
  eden space 33856K,  61% used [0x0000000084400000, 0x000000008583bfd0, 0x0000000086510000)
  from space 4224K,  94% used [0x0000000086510000, 0x00000000868f8e20, 0x0000000086930000)
  to   space 4224K,   0% used [0x0000000086930000, 0x0000000086930000, 0x0000000086d50000)
 concurrent mark-sweep generation total 84672K, used 47033K [0x00000000a3730000, 0x00000000a89e0000, 0x0000000100000000)
 Metaspace       used 49972K, capacity 51633K, committed 51892K, reserved 1093632K
  class space    used 7855K, capacity 8205K, committed 8284K, reserved 1048576K
GC Heap History (10 events):
Event: 1.988 GC heap before
{Heap before GC invocations=27 (full 1):
 par new generation   total 38080K, used 35240K [0x0000000084400000, 0x0000000086d50000, 0x00000000a3730000)
  eden space 33856K, 100% used [0x0000000084400000, 0x0000000086510000, 0x0000000086510000)
  from space 4224K,  32% used [0x0000000086930000, 0x0000000086a8a1d8, 0x0000000086d50000)
  to   space 4224K,   0% used [0x0000000086510000, 0x0000000086510000, 0x0000000086930000)
 concurrent mark-sweep generation total 84672K, used 44472K [0x00000000a3730000, 0x00000000a89e0000, 0x0000000100000000)
 Metaspace       used 45049K, capacity 46537K, committed 46676K, reserved 1089536K
  class space    used 7184K, capacity 7508K, committed 7540K, reserved 1048576K
Event: 1.990 GC heap after
Heap after GC invocations=28 (full 1):
 par new generation   total 38080K, used 2989K [0x0000000084400000, 0x0000000086d50000, 0x00000000a3730000)
  eden space 33856K,   0% used [0x0000000084400000, 0x0000000084400000, 0x0000000086510000)
  from space 4224K,  70% used [0x0000000086510000, 0x00000000867fb608, 0x0000000086930000)
  to   space 4224K,   0% used [0x0000000086930000, 0x0000000086930000, 0x0000000086d50000)
 concurrent mark-sweep generation total 84672K, used 44472K [0x00000000a3730000, 0x00000000a89e0000, 0x0000000100000000)
 Metaspace       used 45049K, capacity 46537K, committed 46676K, reserved 1089536K
  class space    used 7184K, capacity 7508K, committed 7540K, reserved 1048576K
}
Event: 2.008 GC heap before
{Heap before GC invocations=28 (full 1):
 par new generation   total 38080K, used 36845K [0x0000000084400000, 0x0000000086d50000, 0x00000000a3730000)
  eden space 33856K, 100% used [0x0000000084400000, 0x0000000086510000, 0x0000000086510000)
  from space 4224K,  70% used [0x0000000086510000, 0x00000000867fb608, 0x0000000086930000)
  to   space 4224K,   0% used [0x0000000086930000, 0x0000000086930000, 0x0000000086d50000)
 concurrent mark-sweep generation total 84672K, used 44472K [0x00000000a3730000, 0x00000000a89e0000, 0x0000000100000000)
 Metaspace       used 45067K, capacity 46605K, committed 46932K, reserved 1089536K
  class space    used 7184K, capacity 7508K, committed 7540K, reserved 1048576K
Event: 2.010 GC heap after
Heap after GC invocations=29 (full 1):
 par new generation   total 38080K, used 2626K [0x0000000084400000, 0x0000000086d50000, 0x00000000a3730000)
  eden space 33856K,   0% used [0x0000000084400000, 0x0000000084400000, 0x0000000086510000)
  from space 4224K,  62% used [0x0000000086930000, 0x0000000086bc0838, 0x0000000086d50000)
  to   space 4224K,   0% used [0x0000000086510000, 0x0000000086510000, 0x0000000086930000)
 concurrent mark-sweep generation total 84672K, used 45245K [0x00000000a3730000, 0x00000000a89e0000, 0x0000000100000000)
 Metaspace       used 45067K, capacity 46605K, committed 46932K, reserved 1089536K
  class space    used 7184K, capacity 7508K, committed 7540K, reserved 1048576K
}
Event: 2.053 GC heap before
{Heap before GC invocations=29 (full 1):
 par new generation   total 38080K, used 36482K [0x0000000084400000, 0x0000000086d50000, 0x00000000a3730000)
  eden space 33856K, 100% used [0x0000000084400000, 0x0000000086510000, 0x0000000086510000)
  from space 4224K,  62% used [0x0000000086930000, 0x0000000086bc0838, 0x0000000086d50000)
  to   space 4224K,   0% used [0x0000000086510000, 0x0000000086510000, 0x0000000086930000)
 concurrent mark-sweep generation total 84672K, used 45245K [0x00000000a3730000, 0x00000000a89e0000, 0x0000000100000000)
 Metaspace       used 45287K, capacity 46827K, committed 46988K, reserved 1089536K
  class space    used 7245K, capacity 7574K, committed 7596K, reserved 1048576K
Event: 2.054 GC heap after
Heap after GC invocations=30 (full 1):
 par new generation   total 38080K, used 2319K [0x0000000084400000, 0x0000000086d50000, 0x00000000a3730000)
  eden space 33856K,   0% used [0x0000000084400000, 0x0000000084400000, 0x0000000086510000)
  from space 4224K,  54% used [0x0000000086510000, 0x0000000086753e50, 0x0000000086930000)
  to   space 4224K,   0% used [0x0000000086930000, 0x0000000086930000, 0x0000000086d50000)
 concurrent mark-sweep generation total 84672K, used 45245K [0x00000000a3730000, 0x00000000a89e0000, 0x0000000100000000)
 Metaspace       used 45287K, capacity 46827K, committed 46988K, reserved 1089536K
  class space    used 7245K, capacity 7574K, committed 7596K, reserved 1048576K
}
Event: 2.114 GC heap before
{Heap before GC invocations=30 (full 1):
 par new generation   total 38080K, used 36175K [0x0000000084400000, 0x0000000086d50000, 0x00000000a3730000)
  eden space 33856K, 100% used [0x0000000084400000, 0x0000000086510000, 0x0000000086510000)
  from space 4224K,  54% used [0x0000000086510000, 0x0000000086753e50, 0x0000000086930000)
  to   space 4224K,   0% used [0x0000000086930000, 0x0000000086930000, 0x0000000086d50000)
 concurrent mark-sweep generation total 84672K, used 45245K [0x00000000a3730000, 0x00000000a89e0000, 0x0000000100000000)
 Metaspace       used 46507K, capacity 48083K, committed 48240K, reserved 1089536K
  class space    used 7405K, capacity 7734K, committed 7800K, reserved 1048576K
Event: 2.116 GC heap after
Heap after GC invocations=31 (full 1):
 par new generation   total 38080K, used 4152K [0x0000000084400000, 0x0000000086d50000, 0x00000000a3730000)
  eden space 33856K,   0% used [0x0000000084400000, 0x0000000084400000, 0x0000000086510000)
  from space 4224K,  98% used [0x0000000086930000, 0x0000000086d3e1e0, 0x0000000086d50000)
  to   space 4224K,   0% used [0x0000000086510000, 0x0000000086510000, 0x0000000086930000)
 concurrent mark-sweep generation total 84672K, used 45245K [0x00000000a3730000, 0x00000000a89e0000, 0x0000000100000000)
 Metaspace       used 46507K, capacity 48083K, committed 48240K, reserved 1089536K
  class space    used 7405K, capacity 7734K, committed 7800K, reserved 1048576K
}
Event: 2.226 GC heap before
{Heap before GC invocations=31 (full 2):
 par new generation   total 38080K, used 38008K [0x0000000084400000, 0x0000000086d50000, 0x00000000a3730000)
  eden space 33856K, 100% used [0x0000000084400000, 0x0000000086510000, 0x0000000086510000)
  from space 4224K,  98% used [0x0000000086930000, 0x0000000086d3e1e0, 0x0000000086d50000)
  to   space 4224K,   0% used [0x0000000086510000, 0x0000000086510000, 0x0000000086930000)
 concurrent mark-sweep generation total 84672K, used 45245K [0x00000000a3730000, 0x00000000a89e0000, 0x0000000100000000)
 Metaspace       used 48565K, capacity 50123K, committed 50308K, reserved 1091584K
  class space    used 7683K, capacity 8028K, committed 8080K, reserved 1048576K
Event: 2.229 GC heap after
Heap after GC invocations=32 (full 2):
 par new generation   total 38080K, used 4003K [0x0000000084400000, 0x0000000086d50000, 0x00000000a3730000)
  eden space 33856K,   0% used [0x0000000084400000, 0x0000000084400000, 0x0000000086510000)
  from space 4224K,  94% used [0x0000000086510000, 0x00000000868f8e20, 0x0000000086930000)
  to   space 4224K,   0% used [0x0000000086930000, 0x0000000086930000, 0x0000000086d50000)
 concurrent mark-sweep generation total 84672K, used 47033K [0x00000000a3730000, 0x00000000a89e0000, 0x0000000100000000)
 Metaspace       used 48565K, capacity 50123K, committed 50308K, reserved 1091584K
  class space    used 7683K, capacity 8028K, committed 8080K, reserved 1048576K
}

